<?xml version="1.0" encoding="UTF-8"?>
<robot generator="Robot 6.1.1 (Python 3.9.0 on win32)" generated="20240103 10:31:28.122" rpa="false" schemaversion="4">
<suite id="s1" name="TC 001" source="C:\Users\158386\pythonProject2\RobotFramework\TestCases\TC_001.robot">
<test id="s1-t1" name="TC_001 Browser Start and Close" line="10">
<kw name="Open Browser" library="SeleniumLibrary">
<arg>${URL}</arg>
<arg>${Browser}</arg>
<doc>Opens a new browser instance to the optional ``url``.</doc>
<msg timestamp="20240103 10:31:28.406" level="INFO">Opening browser 'Chrome' to base url 'https://www.makemytrip.com/'.</msg>
<status status="PASS" starttime="20240103 10:31:28.406" endtime="20240103 10:31:34.716"/>
</kw>
<kw name="Close Browser" library="SeleniumLibrary">
<doc>Closes the current browser.</doc>
<status status="PASS" starttime="20240103 10:31:34.716" endtime="20240103 10:31:36.908"/>
</kw>
<status status="PASS" starttime="20240103 10:31:28.406" endtime="20240103 10:31:36.908"/>
</test>
<status status="PASS" starttime="20240103 10:31:28.122" endtime="20240103 10:31:36.908"/>
</suite>
<statistics>
<total>
<stat pass="1" fail="0" skip="0">All Tests</stat>
</total>
<tag>
</tag>
<suite>
<stat pass="1" fail="0" skip="0" id="s1" name="TC 001">TC 001</stat>
</suite>
</statistics>
<errors>
</errors>
</robot>
